<?xml version="1.0" encoding="UTF-8"?>
<testsuite xmlns:xsi="http://www.w3.org/2001/XMLSchema-instance" xsi:noNamespaceSchemaLocation="https://maven.apache.org/surefire/maven-surefire-plugin/xsd/surefire-test-report.xsd" name="com.kev.autosettingdemo.AutoSettingDemoApplicationTests" time="0.124" tests="1" errors="1" skipped="0" failures="0">
  <properties>
    <property name="sun.desktop" value="windows"/>
    <property name="awt.toolkit" value="sun.awt.windows.WToolkit"/>
    <property name="file.encoding.pkg" value="sun.io"/>
    <property name="java.specification.version" value="1.8"/>
    <property name="sun.cpu.isalist" value="amd64"/>
    <property name="sun.jnu.encoding" value="GBK"/>
    <property name="java.class.path" value="D:\IdeaProject\auto-setting-demo\target\test-classes;D:\IdeaProject\auto-setting-demo\target\classes;D:\RuntimeEnvironment\apache-maven-3.6.1\maven-jar\org\springframework\boot\spring-boot-configuration-processor\2.1.9.RELEASE\spring-boot-configuration-processor-2.1.9.RELEASE.jar;D:\RuntimeEnvironment\apache-maven-3.6.1\maven-jar\org\springframework\boot\spring-boot-starter-web\2.1.9.RELEASE\spring-boot-starter-web-2.1.9.RELEASE.jar;D:\RuntimeEnvironment\apache-maven-3.6.1\maven-jar\org\springframework\boot\spring-boot-starter\2.1.9.RELEASE\spring-boot-starter-2.1.9.RELEASE.jar;D:\RuntimeEnvironment\apache-maven-3.6.1\maven-jar\org\springframework\boot\spring-boot\2.1.9.RELEASE\spring-boot-2.1.9.RELEASE.jar;D:\RuntimeEnvironment\apache-maven-3.6.1\maven-jar\org\springframework\boot\spring-boot-autoconfigure\2.1.9.RELEASE\spring-boot-autoconfigure-2.1.9.RELEASE.jar;D:\RuntimeEnvironment\apache-maven-3.6.1\maven-jar\org\springframework\boot\spring-boot-starter-logging\2.1.9.RELEASE\spring-boot-starter-logging-2.1.9.RELEASE.jar;D:\RuntimeEnvironment\apache-maven-3.6.1\maven-jar\ch\qos\logback\logback-classic\1.2.3\logback-classic-1.2.3.jar;D:\RuntimeEnvironment\apache-maven-3.6.1\maven-jar\ch\qos\logback\logback-core\1.2.3\logback-core-1.2.3.jar;D:\RuntimeEnvironment\apache-maven-3.6.1\maven-jar\org\apache\logging\log4j\log4j-to-slf4j\2.11.2\log4j-to-slf4j-2.11.2.jar;D:\RuntimeEnvironment\apache-maven-3.6.1\maven-jar\org\apache\logging\log4j\log4j-api\2.11.2\log4j-api-2.11.2.jar;D:\RuntimeEnvironment\apache-maven-3.6.1\maven-jar\org\slf4j\jul-to-slf4j\1.7.28\jul-to-slf4j-1.7.28.jar;D:\RuntimeEnvironment\apache-maven-3.6.1\maven-jar\javax\annotation\javax.annotation-api\1.3.2\javax.annotation-api-1.3.2.jar;D:\RuntimeEnvironment\apache-maven-3.6.1\maven-jar\org\yaml\snakeyaml\1.23\snakeyaml-1.23.jar;D:\RuntimeEnvironment\apache-maven-3.6.1\maven-jar\org\springframework\boot\spring-boot-starter-json\2.1.9.RELEASE\spring-boot-starter-json-2.1.9.RELEASE.jar;D:\RuntimeEnvironment\apache-maven-3.6.1\maven-jar\com\fasterxml\jackson\core\jackson-databind\2.9.9.3\jackson-databind-2.9.9.3.jar;D:\RuntimeEnvironment\apache-maven-3.6.1\maven-jar\com\fasterxml\jackson\core\jackson-annotations\2.9.0\jackson-annotations-2.9.0.jar;D:\RuntimeEnvironment\apache-maven-3.6.1\maven-jar\com\fasterxml\jackson\core\jackson-core\2.9.9\jackson-core-2.9.9.jar;D:\RuntimeEnvironment\apache-maven-3.6.1\maven-jar\com\fasterxml\jackson\datatype\jackson-datatype-jdk8\2.9.9\jackson-datatype-jdk8-2.9.9.jar;D:\RuntimeEnvironment\apache-maven-3.6.1\maven-jar\com\fasterxml\jackson\datatype\jackson-datatype-jsr310\2.9.9\jackson-datatype-jsr310-2.9.9.jar;D:\RuntimeEnvironment\apache-maven-3.6.1\maven-jar\com\fasterxml\jackson\module\jackson-module-parameter-names\2.9.9\jackson-module-parameter-names-2.9.9.jar;D:\RuntimeEnvironment\apache-maven-3.6.1\maven-jar\org\springframework\boot\spring-boot-starter-tomcat\2.1.9.RELEASE\spring-boot-starter-tomcat-2.1.9.RELEASE.jar;D:\RuntimeEnvironment\apache-maven-3.6.1\maven-jar\org\apache\tomcat\embed\tomcat-embed-core\9.0.26\tomcat-embed-core-9.0.26.jar;D:\RuntimeEnvironment\apache-maven-3.6.1\maven-jar\org\apache\tomcat\embed\tomcat-embed-el\9.0.26\tomcat-embed-el-9.0.26.jar;D:\RuntimeEnvironment\apache-maven-3.6.1\maven-jar\org\apache\tomcat\embed\tomcat-embed-websocket\9.0.26\tomcat-embed-websocket-9.0.26.jar;D:\RuntimeEnvironment\apache-maven-3.6.1\maven-jar\org\hibernate\validator\hibernate-validator\6.0.17.Final\hibernate-validator-6.0.17.Final.jar;D:\RuntimeEnvironment\apache-maven-3.6.1\maven-jar\javax\validation\validation-api\2.0.1.Final\validation-api-2.0.1.Final.jar;D:\RuntimeEnvironment\apache-maven-3.6.1\maven-jar\org\jboss\logging\jboss-logging\3.3.3.Final\jboss-logging-3.3.3.Final.jar;D:\RuntimeEnvironment\apache-maven-3.6.1\maven-jar\com\fasterxml\classmate\1.4.0\classmate-1.4.0.jar;D:\RuntimeEnvironment\apache-maven-3.6.1\maven-jar\org\springframework\spring-web\5.1.10.RELEASE\spring-web-5.1.10.RELEASE.jar;D:\RuntimeEnvironment\apache-maven-3.6.1\maven-jar\org\springframework\spring-beans\5.1.10.RELEASE\spring-beans-5.1.10.RELEASE.jar;D:\RuntimeEnvironment\apache-maven-3.6.1\maven-jar\org\springframework\spring-webmvc\5.1.10.RELEASE\spring-webmvc-5.1.10.RELEASE.jar;D:\RuntimeEnvironment\apache-maven-3.6.1\maven-jar\org\springframework\spring-aop\5.1.10.RELEASE\spring-aop-5.1.10.RELEASE.jar;D:\RuntimeEnvironment\apache-maven-3.6.1\maven-jar\org\springframework\spring-context\5.1.10.RELEASE\spring-context-5.1.10.RELEASE.jar;D:\RuntimeEnvironment\apache-maven-3.6.1\maven-jar\org\springframework\spring-expression\5.1.10.RELEASE\spring-expression-5.1.10.RELEASE.jar;D:\RuntimeEnvironment\apache-maven-3.6.1\maven-jar\org\springframework\boot\spring-boot-starter-thymeleaf\2.1.9.RELEASE\spring-boot-starter-thymeleaf-2.1.9.RELEASE.jar;D:\RuntimeEnvironment\apache-maven-3.6.1\maven-jar\org\thymeleaf\thymeleaf-spring5\3.0.11.RELEASE\thymeleaf-spring5-3.0.11.RELEASE.jar;D:\RuntimeEnvironment\apache-maven-3.6.1\maven-jar\org\thymeleaf\thymeleaf\3.0.11.RELEASE\thymeleaf-3.0.11.RELEASE.jar;D:\RuntimeEnvironment\apache-maven-3.6.1\maven-jar\org\attoparser\attoparser\2.0.5.RELEASE\attoparser-2.0.5.RELEASE.jar;D:\RuntimeEnvironment\apache-maven-3.6.1\maven-jar\org\unbescape\unbescape\1.1.6.RELEASE\unbescape-1.1.6.RELEASE.jar;D:\RuntimeEnvironment\apache-maven-3.6.1\maven-jar\org\slf4j\slf4j-api\1.7.28\slf4j-api-1.7.28.jar;D:\RuntimeEnvironment\apache-maven-3.6.1\maven-jar\org\thymeleaf\extras\thymeleaf-extras-java8time\3.0.4.RELEASE\thymeleaf-extras-java8time-3.0.4.RELEASE.jar;D:\RuntimeEnvironment\apache-maven-3.6.1\maven-jar\org\springframework\boot\spring-boot-starter-test\2.1.9.RELEASE\spring-boot-starter-test-2.1.9.RELEASE.jar;D:\RuntimeEnvironment\apache-maven-3.6.1\maven-jar\org\springframework\boot\spring-boot-test\2.1.9.RELEASE\spring-boot-test-2.1.9.RELEASE.jar;D:\RuntimeEnvironment\apache-maven-3.6.1\maven-jar\org\springframework\boot\spring-boot-test-autoconfigure\2.1.9.RELEASE\spring-boot-test-autoconfigure-2.1.9.RELEASE.jar;D:\RuntimeEnvironment\apache-maven-3.6.1\maven-jar\com\jayway\jsonpath\json-path\2.4.0\json-path-2.4.0.jar;D:\RuntimeEnvironment\apache-maven-3.6.1\maven-jar\junit\junit\4.12\junit-4.12.jar;D:\RuntimeEnvironment\apache-maven-3.6.1\maven-jar\org\assertj\assertj-core\3.11.1\assertj-core-3.11.1.jar;D:\RuntimeEnvironment\apache-maven-3.6.1\maven-jar\org\mockito\mockito-core\2.23.4\mockito-core-2.23.4.jar;D:\RuntimeEnvironment\apache-maven-3.6.1\maven-jar\net\bytebuddy\byte-buddy\1.9.16\byte-buddy-1.9.16.jar;D:\RuntimeEnvironment\apache-maven-3.6.1\maven-jar\net\bytebuddy\byte-buddy-agent\1.9.16\byte-buddy-agent-1.9.16.jar;D:\RuntimeEnvironment\apache-maven-3.6.1\maven-jar\org\objenesis\objenesis\2.6\objenesis-2.6.jar;D:\RuntimeEnvironment\apache-maven-3.6.1\maven-jar\org\hamcrest\hamcrest-core\1.3\hamcrest-core-1.3.jar;D:\RuntimeEnvironment\apache-maven-3.6.1\maven-jar\org\hamcrest\hamcrest-library\1.3\hamcrest-library-1.3.jar;D:\RuntimeEnvironment\apache-maven-3.6.1\maven-jar\org\skyscreamer\jsonassert\1.5.0\jsonassert-1.5.0.jar;D:\RuntimeEnvironment\apache-maven-3.6.1\maven-jar\com\vaadin\external\google\android-json\0.0.20131108.vaadin1\android-json-0.0.20131108.vaadin1.jar;D:\RuntimeEnvironment\apache-maven-3.6.1\maven-jar\org\springframework\spring-core\5.1.10.RELEASE\spring-core-5.1.10.RELEASE.jar;D:\RuntimeEnvironment\apache-maven-3.6.1\maven-jar\org\springframework\spring-jcl\5.1.10.RELEASE\spring-jcl-5.1.10.RELEASE.jar;D:\RuntimeEnvironment\apache-maven-3.6.1\maven-jar\org\springframework\spring-test\5.1.10.RELEASE\spring-test-5.1.10.RELEASE.jar;D:\RuntimeEnvironment\apache-maven-3.6.1\maven-jar\org\xmlunit\xmlunit-core\2.6.3\xmlunit-core-2.6.3.jar;D:\RuntimeEnvironment\apache-maven-3.6.1\maven-jar\com\alibaba\fastjson\1.2.47\fastjson-1.2.47.jar;D:\RuntimeEnvironment\apache-maven-3.6.1\maven-jar\org\jsoup\jsoup\1.13.1\jsoup-1.13.1.jar;D:\RuntimeEnvironment\apache-maven-3.6.1\maven-jar\net\minidev\json-smart\2.3\json-smart-2.3.jar;D:\RuntimeEnvironment\apache-maven-3.6.1\maven-jar\net\minidev\accessors-smart\1.2\accessors-smart-1.2.jar;D:\RuntimeEnvironment\apache-maven-3.6.1\maven-jar\org\ow2\asm\asm\5.0.4\asm-5.0.4.jar;"/>
    <property name="java.vm.vendor" value="Oracle Corporation"/>
    <property name="sun.arch.data.model" value="64"/>
    <property name="user.variant" value=""/>
    <property name="java.vendor.url" value="http://java.oracle.com/"/>
    <property name="user.timezone" value="Asia/Shanghai"/>
    <property name="java.vm.specification.version" value="1.8"/>
    <property name="os.name" value="Windows 10"/>
    <property name="user.country" value="CN"/>
    <property name="sun.java.launcher" value="SUN_STANDARD"/>
    <property name="sun.boot.library.path" value="C:\Program Files\Java\jdk1.8.0_144\jre\bin"/>
    <property name="sun.java.command" value="C:\Users\Kevini\AppData\Local\Temp\surefire3262339659188870548\surefirebooter6673141438132279948.jar C:\Users\Kevini\AppData\Local\Temp\surefire3262339659188870548 2020-04-04T19-54-53_358-jvmRun1 surefire2600279212102519607tmp surefire_08036065001604748837tmp"/>
    <property name="surefire.test.class.path" value="D:\IdeaProject\auto-setting-demo\target\test-classes;D:\IdeaProject\auto-setting-demo\target\classes;D:\RuntimeEnvironment\apache-maven-3.6.1\maven-jar\org\springframework\boot\spring-boot-configuration-processor\2.1.9.RELEASE\spring-boot-configuration-processor-2.1.9.RELEASE.jar;D:\RuntimeEnvironment\apache-maven-3.6.1\maven-jar\org\springframework\boot\spring-boot-starter-web\2.1.9.RELEASE\spring-boot-starter-web-2.1.9.RELEASE.jar;D:\RuntimeEnvironment\apache-maven-3.6.1\maven-jar\org\springframework\boot\spring-boot-starter\2.1.9.RELEASE\spring-boot-starter-2.1.9.RELEASE.jar;D:\RuntimeEnvironment\apache-maven-3.6.1\maven-jar\org\springframework\boot\spring-boot\2.1.9.RELEASE\spring-boot-2.1.9.RELEASE.jar;D:\RuntimeEnvironment\apache-maven-3.6.1\maven-jar\org\springframework\boot\spring-boot-autoconfigure\2.1.9.RELEASE\spring-boot-autoconfigure-2.1.9.RELEASE.jar;D:\RuntimeEnvironment\apache-maven-3.6.1\maven-jar\org\springframework\boot\spring-boot-starter-logging\2.1.9.RELEASE\spring-boot-starter-logging-2.1.9.RELEASE.jar;D:\RuntimeEnvironment\apache-maven-3.6.1\maven-jar\ch\qos\logback\logback-classic\1.2.3\logback-classic-1.2.3.jar;D:\RuntimeEnvironment\apache-maven-3.6.1\maven-jar\ch\qos\logback\logback-core\1.2.3\logback-core-1.2.3.jar;D:\RuntimeEnvironment\apache-maven-3.6.1\maven-jar\org\apache\logging\log4j\log4j-to-slf4j\2.11.2\log4j-to-slf4j-2.11.2.jar;D:\RuntimeEnvironment\apache-maven-3.6.1\maven-jar\org\apache\logging\log4j\log4j-api\2.11.2\log4j-api-2.11.2.jar;D:\RuntimeEnvironment\apache-maven-3.6.1\maven-jar\org\slf4j\jul-to-slf4j\1.7.28\jul-to-slf4j-1.7.28.jar;D:\RuntimeEnvironment\apache-maven-3.6.1\maven-jar\javax\annotation\javax.annotation-api\1.3.2\javax.annotation-api-1.3.2.jar;D:\RuntimeEnvironment\apache-maven-3.6.1\maven-jar\org\yaml\snakeyaml\1.23\snakeyaml-1.23.jar;D:\RuntimeEnvironment\apache-maven-3.6.1\maven-jar\org\springframework\boot\spring-boot-starter-json\2.1.9.RELEASE\spring-boot-starter-json-2.1.9.RELEASE.jar;D:\RuntimeEnvironment\apache-maven-3.6.1\maven-jar\com\fasterxml\jackson\core\jackson-databind\2.9.9.3\jackson-databind-2.9.9.3.jar;D:\RuntimeEnvironment\apache-maven-3.6.1\maven-jar\com\fasterxml\jackson\core\jackson-annotations\2.9.0\jackson-annotations-2.9.0.jar;D:\RuntimeEnvironment\apache-maven-3.6.1\maven-jar\com\fasterxml\jackson\core\jackson-core\2.9.9\jackson-core-2.9.9.jar;D:\RuntimeEnvironment\apache-maven-3.6.1\maven-jar\com\fasterxml\jackson\datatype\jackson-datatype-jdk8\2.9.9\jackson-datatype-jdk8-2.9.9.jar;D:\RuntimeEnvironment\apache-maven-3.6.1\maven-jar\com\fasterxml\jackson\datatype\jackson-datatype-jsr310\2.9.9\jackson-datatype-jsr310-2.9.9.jar;D:\RuntimeEnvironment\apache-maven-3.6.1\maven-jar\com\fasterxml\jackson\module\jackson-module-parameter-names\2.9.9\jackson-module-parameter-names-2.9.9.jar;D:\RuntimeEnvironment\apache-maven-3.6.1\maven-jar\org\springframework\boot\spring-boot-starter-tomcat\2.1.9.RELEASE\spring-boot-starter-tomcat-2.1.9.RELEASE.jar;D:\RuntimeEnvironment\apache-maven-3.6.1\maven-jar\org\apache\tomcat\embed\tomcat-embed-core\9.0.26\tomcat-embed-core-9.0.26.jar;D:\RuntimeEnvironment\apache-maven-3.6.1\maven-jar\org\apache\tomcat\embed\tomcat-embed-el\9.0.26\tomcat-embed-el-9.0.26.jar;D:\RuntimeEnvironment\apache-maven-3.6.1\maven-jar\org\apache\tomcat\embed\tomcat-embed-websocket\9.0.26\tomcat-embed-websocket-9.0.26.jar;D:\RuntimeEnvironment\apache-maven-3.6.1\maven-jar\org\hibernate\validator\hibernate-validator\6.0.17.Final\hibernate-validator-6.0.17.Final.jar;D:\RuntimeEnvironment\apache-maven-3.6.1\maven-jar\javax\validation\validation-api\2.0.1.Final\validation-api-2.0.1.Final.jar;D:\RuntimeEnvironment\apache-maven-3.6.1\maven-jar\org\jboss\logging\jboss-logging\3.3.3.Final\jboss-logging-3.3.3.Final.jar;D:\RuntimeEnvironment\apache-maven-3.6.1\maven-jar\com\fasterxml\classmate\1.4.0\classmate-1.4.0.jar;D:\RuntimeEnvironment\apache-maven-3.6.1\maven-jar\org\springframework\spring-web\5.1.10.RELEASE\spring-web-5.1.10.RELEASE.jar;D:\RuntimeEnvironment\apache-maven-3.6.1\maven-jar\org\springframework\spring-beans\5.1.10.RELEASE\spring-beans-5.1.10.RELEASE.jar;D:\RuntimeEnvironment\apache-maven-3.6.1\maven-jar\org\springframework\spring-webmvc\5.1.10.RELEASE\spring-webmvc-5.1.10.RELEASE.jar;D:\RuntimeEnvironment\apache-maven-3.6.1\maven-jar\org\springframework\spring-aop\5.1.10.RELEASE\spring-aop-5.1.10.RELEASE.jar;D:\RuntimeEnvironment\apache-maven-3.6.1\maven-jar\org\springframework\spring-context\5.1.10.RELEASE\spring-context-5.1.10.RELEASE.jar;D:\RuntimeEnvironment\apache-maven-3.6.1\maven-jar\org\springframework\spring-expression\5.1.10.RELEASE\spring-expression-5.1.10.RELEASE.jar;D:\RuntimeEnvironment\apache-maven-3.6.1\maven-jar\org\springframework\boot\spring-boot-starter-thymeleaf\2.1.9.RELEASE\spring-boot-starter-thymeleaf-2.1.9.RELEASE.jar;D:\RuntimeEnvironment\apache-maven-3.6.1\maven-jar\org\thymeleaf\thymeleaf-spring5\3.0.11.RELEASE\thymeleaf-spring5-3.0.11.RELEASE.jar;D:\RuntimeEnvironment\apache-maven-3.6.1\maven-jar\org\thymeleaf\thymeleaf\3.0.11.RELEASE\thymeleaf-3.0.11.RELEASE.jar;D:\RuntimeEnvironment\apache-maven-3.6.1\maven-jar\org\attoparser\attoparser\2.0.5.RELEASE\attoparser-2.0.5.RELEASE.jar;D:\RuntimeEnvironment\apache-maven-3.6.1\maven-jar\org\unbescape\unbescape\1.1.6.RELEASE\unbescape-1.1.6.RELEASE.jar;D:\RuntimeEnvironment\apache-maven-3.6.1\maven-jar\org\slf4j\slf4j-api\1.7.28\slf4j-api-1.7.28.jar;D:\RuntimeEnvironment\apache-maven-3.6.1\maven-jar\org\thymeleaf\extras\thymeleaf-extras-java8time\3.0.4.RELEASE\thymeleaf-extras-java8time-3.0.4.RELEASE.jar;D:\RuntimeEnvironment\apache-maven-3.6.1\maven-jar\org\springframework\boot\spring-boot-starter-test\2.1.9.RELEASE\spring-boot-starter-test-2.1.9.RELEASE.jar;D:\RuntimeEnvironment\apache-maven-3.6.1\maven-jar\org\springframework\boot\spring-boot-test\2.1.9.RELEASE\spring-boot-test-2.1.9.RELEASE.jar;D:\RuntimeEnvironment\apache-maven-3.6.1\maven-jar\org\springframework\boot\spring-boot-test-autoconfigure\2.1.9.RELEASE\spring-boot-test-autoconfigure-2.1.9.RELEASE.jar;D:\RuntimeEnvironment\apache-maven-3.6.1\maven-jar\com\jayway\jsonpath\json-path\2.4.0\json-path-2.4.0.jar;D:\RuntimeEnvironment\apache-maven-3.6.1\maven-jar\junit\junit\4.12\junit-4.12.jar;D:\RuntimeEnvironment\apache-maven-3.6.1\maven-jar\org\assertj\assertj-core\3.11.1\assertj-core-3.11.1.jar;D:\RuntimeEnvironment\apache-maven-3.6.1\maven-jar\org\mockito\mockito-core\2.23.4\mockito-core-2.23.4.jar;D:\RuntimeEnvironment\apache-maven-3.6.1\maven-jar\net\bytebuddy\byte-buddy\1.9.16\byte-buddy-1.9.16.jar;D:\RuntimeEnvironment\apache-maven-3.6.1\maven-jar\net\bytebuddy\byte-buddy-agent\1.9.16\byte-buddy-agent-1.9.16.jar;D:\RuntimeEnvironment\apache-maven-3.6.1\maven-jar\org\objenesis\objenesis\2.6\objenesis-2.6.jar;D:\RuntimeEnvironment\apache-maven-3.6.1\maven-jar\org\hamcrest\hamcrest-core\1.3\hamcrest-core-1.3.jar;D:\RuntimeEnvironment\apache-maven-3.6.1\maven-jar\org\hamcrest\hamcrest-library\1.3\hamcrest-library-1.3.jar;D:\RuntimeEnvironment\apache-maven-3.6.1\maven-jar\org\skyscreamer\jsonassert\1.5.0\jsonassert-1.5.0.jar;D:\RuntimeEnvironment\apache-maven-3.6.1\maven-jar\com\vaadin\external\google\android-json\0.0.20131108.vaadin1\android-json-0.0.20131108.vaadin1.jar;D:\RuntimeEnvironment\apache-maven-3.6.1\maven-jar\org\springframework\spring-core\5.1.10.RELEASE\spring-core-5.1.10.RELEASE.jar;D:\RuntimeEnvironment\apache-maven-3.6.1\maven-jar\org\springframework\spring-jcl\5.1.10.RELEASE\spring-jcl-5.1.10.RELEASE.jar;D:\RuntimeEnvironment\apache-maven-3.6.1\maven-jar\org\springframework\spring-test\5.1.10.RELEASE\spring-test-5.1.10.RELEASE.jar;D:\RuntimeEnvironment\apache-maven-3.6.1\maven-jar\org\xmlunit\xmlunit-core\2.6.3\xmlunit-core-2.6.3.jar;D:\RuntimeEnvironment\apache-maven-3.6.1\maven-jar\com\alibaba\fastjson\1.2.47\fastjson-1.2.47.jar;D:\RuntimeEnvironment\apache-maven-3.6.1\maven-jar\org\jsoup\jsoup\1.13.1\jsoup-1.13.1.jar;D:\RuntimeEnvironment\apache-maven-3.6.1\maven-jar\net\minidev\json-smart\2.3\json-smart-2.3.jar;D:\RuntimeEnvironment\apache-maven-3.6.1\maven-jar\net\minidev\accessors-smart\1.2\accessors-smart-1.2.jar;D:\RuntimeEnvironment\apache-maven-3.6.1\maven-jar\org\ow2\asm\asm\5.0.4\asm-5.0.4.jar;"/>
    <property name="sun.cpu.endian" value="little"/>
    <property name="user.home" value="C:\Users\Kevini"/>
    <property name="user.language" value="zh"/>
    <property name="java.specification.vendor" value="Oracle Corporation"/>
    <property name="java.home" value="C:\Program Files\Java\jdk1.8.0_144\jre"/>
    <property name="basedir" value="D:\IdeaProject\auto-setting-demo"/>
    <property name="file.separator" value="\"/>
    <property name="line.separator" value="&#10;"/>
    <property name="idea.version2019.2.4" value="true"/>
    <property name="java.vm.specification.vendor" value="Oracle Corporation"/>
    <property name="java.specification.name" value="Java Platform API Specification"/>
    <property name="java.awt.graphicsenv" value="sun.awt.Win32GraphicsEnvironment"/>
    <property name="surefire.real.class.path" value="C:\Users\Kevini\AppData\Local\Temp\surefire3262339659188870548\surefirebooter6673141438132279948.jar"/>
    <property name="sun.boot.class.path" value="C:\Program Files\Java\jdk1.8.0_144\jre\lib\resources.jar;C:\Program Files\Java\jdk1.8.0_144\jre\lib\rt.jar;C:\Program Files\Java\jdk1.8.0_144\jre\lib\sunrsasign.jar;C:\Program Files\Java\jdk1.8.0_144\jre\lib\jsse.jar;C:\Program Files\Java\jdk1.8.0_144\jre\lib\jce.jar;C:\Program Files\Java\jdk1.8.0_144\jre\lib\charsets.jar;C:\Program Files\Java\jdk1.8.0_144\jre\lib\jfr.jar;C:\Program Files\Java\jdk1.8.0_144\jre\classes"/>
    <property name="user.script" value=""/>
    <property name="sun.management.compiler" value="HotSpot 64-Bit Tiered Compilers"/>
    <property name="java.runtime.version" value="1.8.0_144-b01"/>
    <property name="user.name" value="Kevini"/>
    <property name="path.separator" value=";"/>
    <property name="os.version" value="10.0"/>
    <property name="java.endorsed.dirs" value="C:\Program Files\Java\jdk1.8.0_144\jre\lib\endorsed"/>
    <property name="java.runtime.name" value="Java(TM) SE Runtime Environment"/>
    <property name="file.encoding" value="GBK"/>
    <property name="java.vm.name" value="Java HotSpot(TM) 64-Bit Server VM"/>
    <property name="localRepository" value="D:\RuntimeEnvironment\apache-maven-3.6.1\maven-jar"/>
    <property name="java.vendor.url.bug" value="http://bugreport.sun.com/bugreport/"/>
    <property name="java.io.tmpdir" value="C:\Users\Kevini\AppData\Local\Temp\"/>
    <property name="java.version" value="1.8.0_144"/>
    <property name="user.dir" value="D:\IdeaProject\auto-setting-demo"/>
    <property name="os.arch" value="amd64"/>
    <property name="java.vm.specification.name" value="Java Virtual Machine Specification"/>
    <property name="java.awt.printerjob" value="sun.awt.windows.WPrinterJob"/>
    <property name="sun.os.patch.level" value=""/>
    <property name="java.library.path" value="C:\Program Files\Java\jdk1.8.0_144\jre\bin;C:\Windows\Sun\Java\bin;C:\Windows\system32;C:\Windows;C:\ProgramData\Oracle\Java\javapath;C:\Program Files (x86)\Common Files\Oracle\Java\javapath;C:\Program Files\Java\jdk1.8.0_144\bin;C:\Program Files\Java\jdk1.8.0_144\jre\bin;D:\RuntimeEnvironment\apache-tomcat-8.5.41\lib;D:\RuntimeEnvironment\apache-tomcat-8.5.41\bin;C:\Program Files (x86)\NVIDIA Corporation\PhysX\Common;C:\Program Files\NVIDIA Corporation\NVIDIA NvDLISR;D:\RuntimeEnvironment\apache-maven-3.6.1\bin;C:\windows\system32\;D:\RuntimeEnvironment\ffmpeg-20190909-9d1e98a-win64-static\bin;;C:\Windows\system32;C:\Windows;C:\Windows\System32\Wbem;C:\Windows\System32\WindowsPowerShell\v1.0\;C:\Windows\System32\OpenSSH\;C:\Users\Kevini\AppData\Local\Microsoft\WindowsApps;;."/>
    <property name="java.vm.info" value="mixed mode"/>
    <property name="java.vendor" value="Oracle Corporation"/>
    <property name="java.vm.version" value="25.144-b01"/>
    <property name="java.ext.dirs" value="C:\Program Files\Java\jdk1.8.0_144\jre\lib\ext;C:\Windows\Sun\Java\lib\ext"/>
    <property name="sun.io.unicode.encoding" value="UnicodeLittle"/>
    <property name="java.class.version" value="52.0"/>
  </properties>
  <testcase name="initializationError" classname="com.kev.autosettingdemo.AutoSettingDemoApplicationTests" time="0.004">
    <error message="No runnable methods" type="java.lang.Exception">java.lang.Exception: No runnable methods
</error>
  </testcase>
</testsuite>